生成启动时间为 2019/8/25 16:17:05。
     1>项目“E:\projects\LeetCode\LeetCodeSolution\LeetCode\LeetCode.vcxproj”在节点 2 上(Build 个目标)。
     1>ClCompile:
         E:\VS\VC\bin\CL.exe /c /ZI /nologo /W3 /WX- /sdl /Od /Oy- /D WIN32 /D _DEBUG /D _CONSOLE /D _LIB /D _UNICODE /D UNICODE /Gm /EHsc /RTC1 /MDd /GS /fp:precise /Zc:wchar_t /Zc:forScope /Fo"Debug\\" /Fd"Debug\vc120.pdb" /Gd /TP /analyze- /errorReport:prompt "107.二叉树的层次遍历2.cpp"
         107.二叉树的层次遍历2.cpp
       Link:
         E:\VS\VC\bin\link.exe /ERRORREPORT:PROMPT /OUT:"E:\projects\LeetCode\LeetCodeSolution\Debug\LeetCode.exe" /INCREMENTAL /NOLOGO opencv_ml249d.lib opencv_calib3d249d.lib opencv_contrib249d.lib opencv_core249d.lib opencv_features2d249d.lib opencv_flann249d.lib opencv_gpu249d.lib opencv_highgui249d.lib opencv_imgproc249d.lib opencv_legacy249d.lib opencv_objdetect249d.lib opencv_ts249d.lib opencv_video249d.lib opencv_nonfree249d.lib opencv_ocl249d.lib opencv_photo249d.lib opencv_stitching249d.lib opencv_superres249d.lib opencv_videostab249d.lib opencv_objdetect249.lib opencv_ts249.lib opencv_video249.lib opencv_nonfree249.lib opencv_ocl249.lib opencv_photo249.lib opencv_stitching249.lib opencv_superres249.lib opencv_videostab249.lib opencv_calib3d249.lib opencv_contrib249.lib opencv_core249.lib opencv_features2d249.lib opencv_flann249.lib opencv_gpu249.lib opencv_highgui249.lib opencv_imgproc249.lib opencv_legacy249.lib opencv_ml249.lib kernel32.lib user32.lib gdi32.lib winspool.lib comdlg32.lib advapi32.lib shell32.lib ole32.lib oleaut32.lib uuid.lib odbc32.lib odbccp32.lib /MANIFEST /MANIFESTUAC:"level='asInvoker' uiAccess='false'" /manifest:embed /DEBUG /PDB:"E:\projects\LeetCode\LeetCodeSolution\Debug\LeetCode.pdb" /SUBSYSTEM:CONSOLE /TLBID:1 /DYNAMICBASE /NXCOMPAT /IMPLIB:"E:\projects\LeetCode\LeetCodeSolution\Debug\LeetCode.lib" /MACHINE:X86 "Debug\1.两数之和.obj"
         "Debug\100.相同的树.obj"
         "Debug\103.二叉树的锯齿形层次遍历.obj"
         "Debug\107.二叉树的层次遍历2.obj"
         "Debug\109.有序链表转换二叉搜索树.obj"
         "Debug\110.平衡二叉树.obj"
         "Debug\112.路径总和1.obj"
         "Debug\113.路径总和2.obj"
         "Debug\116.填充每个节点的下一个右侧节点指针1.obj"
         "Debug\117.填充每个节点的下一个右侧节点指针2.obj"
         "Debug\118.杨辉三角1.obj"
         "Debug\121.买卖股票的最佳时机1.obj"
         "Debug\122.买卖股票的最佳时机2.obj"
         "Debug\123.买卖股票的最佳时机3.obj"
         "Debug\124.二叉树中的最大路径和.obj"
         "Debug\125.验证回文串.obj"
         "Debug\128.最长连续序列.obj"
         "Debug\129.求根到叶子节点数字之和.obj"
         "Debug\130.被围绕的区域.obj"
         "Debug\131.分割回文串1.obj"
         "Debug\132.分割回文串2.obj"
         "Debug\134.加油站.obj"
         "Debug\135.分发糖果.obj"
         "Debug\139.单词拆分1.obj"
         "Debug\140.单词拆分2.obj"
         "Debug\143.重排链表.obj"
         "Debug\144.二叉树的前序遍历(迭代法).obj"
         "Debug\147.对链表进行插入排序.obj"
         "Debug\2.两数相加.obj"
         "Debug\62.不同路径.obj"
         "Debug\64.最小路径和.obj"
         "Debug\7.整数反转.obj"
         "Debug\82.删除排序链表中的重复元素2.obj"
         "Debug\83.删除排序链表中的重复元素1.obj"
         "Debug\86.分隔链表.obj"
         "Debug\88.合并两个有序数组.obj"
         "Debug\92.反转链表2.obj"
         "Debug\94.二叉树的中序遍历(迭代法).obj"
         "Debug\95.不同的二叉搜索树2.obj"
         "Debug\96.不同的二叉搜索树1.obj"
         Debug\main.obj
         "Debug\145.二叉树的后序遍历(迭代法).obj"
         "Debug\111.二叉树的最小深度.obj"
         "Debug\148.排序链表.obj"
         "Debug\149.直线上最多的点数.obj"
         "Debug\150.逆波兰表达式求值.obj"
         "Debug\120.三角形最小路径和.obj"
         LeetCode.vcxproj -> E:\projects\LeetCode\LeetCodeSolution\Debug\LeetCode.exe
     1>已完成生成项目“E:\projects\LeetCode\LeetCodeSolution\LeetCode\LeetCode.vcxproj”(Build 个目标)的操作。

生成成功。

已用时间 00:00:06.17
